<?xml version="1.0" encoding="UTF-8"?>
<!-- Generated by org.testng.reporters.JUnitReportReporter -->
<testsuite skipped="0" hostname="DESKTOP-01U495F" name="com.apitest.programs.Headervalidate" tests="1" failures="0" timestamp="2020-05-23T16:35:02 IST" time="3.952" errors="0">
  <testcase name="weather" time="3.952" classname="com.apitest.programs.Headervalidate"/>
  <system-out/>
</testsuite> <!-- com.apitest.programs.Headervalidate -->
