<?xml version="1.0" encoding="UTF-8"?>
<!-- Generated by org.testng.reporters.JUnitReportReporter -->
<testsuite skipped="0" hostname="DESKTOP-01U495F" name="com.apitest.programs.GetRequest" tests="1" failures="0" timestamp="2020-05-23T14:49:52 IST" time="4.130" errors="0">
  <testcase name="getWeather" time="4.130" classname="com.apitest.programs.GetRequest"/>
  <system-out/>
</testsuite> <!-- com.apitest.programs.GetRequest -->
