<?xml version="1.0" encoding="UTF-8"?>
<!-- Generated by org.testng.reporters.JUnitReportReporter -->
<testsuite skipped="0" hostname="DESKTOP-01U495F" name="com.apitest.datadriven.PostEmployeedata" tests="3" failures="0" timestamp="2020-05-27T19:20:54 IST" time="9.858" errors="0">
  <testcase name="postempdata" time="0.728" classname="com.apitest.datadriven.PostEmployeedata"/>
  <system-out/>
  <testcase name="postempdata" time="7.957" classname="com.apitest.datadriven.PostEmployeedata"/>
  <system-out/>
  <testcase name="postempdata" time="1.173" classname="com.apitest.datadriven.PostEmployeedata"/>
  <system-out/>
</testsuite> <!-- com.apitest.datadriven.PostEmployeedata -->
