<?xml version="1.0" encoding="UTF-8"?>
<!-- Generated by org.testng.reporters.JUnitReportReporter -->
<testsuite skipped="0" hostname="DESKTOP-01U495F" name="com.apitest.programs.BodyValidate" tests="1" failures="0" timestamp="2020-05-23T16:57:12 IST" time="3.605" errors="0">
  <testcase name="checkresponsebody" time="3.605" classname="com.apitest.programs.BodyValidate"/>
  <system-out/>
</testsuite> <!-- com.apitest.programs.BodyValidate -->
